[      Declaration      ]: x:float
[      Declaration      ]: y:float
• 02: End of statement
>> float x, y

[      Declaration      ]: i:integer
[      Declaration      ]: n:integer
[      Declaration      ]: fact:integer
• 03: End of statement
>> int i, n, fact

[      Declaration      ]: a:integer[25]
• 04: End of statement
>> int a[25]

[       Retrieved       ]: x:float (Unassigned)
[ Arithmetic Expression ]: 3.000:float + 2:integer = 5.000:float
[      Assignation      ]: x := 5.000:float
• 07: End of statement
>> x := 3.0 + 2

[       Retrieved       ]: i:integer (Unassigned)
[      Assignation      ]: i := 3:integer
• 08: End of statement
>> i := 3

[       Retrieved       ]: a:array (Unassigned)
[      Assignation      ]: a[0+25] := 3:integer
• 09: End of statement
>> a[0] := 3

[       Retrieved       ]: y:float (Unassigned)
[       Retrieved       ]: a:array (Unassigned)
[ Arithmetic Expression ]: $t01 := a[25]
[       Retrieved       ]: i:integer (Unassigned)
[ Arithmetic Expression ]: $t02 := i:integer * 3:integer
[ Arithmetic Expression ]: $t03 := $t01:integer + $t02:integer
[       Retrieved       ]: x:float (Unassigned)
[ Arithmetic Expression ]: $t04 := I2F $t03:integer
[ Arithmetic Expression ]: $t05 := $t04:float - x:float
[      Assignation      ]: y := $t05:float
• 10: End of statement
>> y := a[0] + i * 3 - x

[       Retrieved       ]: n:integer (Unassigned)
[      Assignation      ]: n := 10:integer
• 13: End of statement
>> n := 10

[       Retrieved       ]: fact:integer (Unassigned)
[      Assignation      ]: fact := 1:integer
• 14: End of statement
>> fact := 1

[       Retrieved       ]: i:integer (Unassigned)
[      Assignation      ]: i := 2:integer
• 15: End of statement
>> i := 2

[       Retrieved       ]: n:integer (Unassigned)
[ Arithmetic Expression ]: $t06 := n:integer - 1:integer
[       Iteration       ]: $t07 := 0 (Iteration Counter)
• 17: End of statement
>> repeat n - 1 do

[       Retrieved       ]: fact:integer (Unassigned)
[       Retrieved       ]: fact:integer (Unassigned)
[       Retrieved       ]: i:integer (Unassigned)
[ Arithmetic Expression ]: $t08 := fact:integer * i:integer
[      Assignation      ]: fact := $t08:integer
• 18: End of statement
>> fact := fact * i

[       Retrieved       ]: i:integer (Unassigned)
[       Retrieved       ]: i:integer (Unassigned)
[ Arithmetic Expression ]: $t09 := i:integer + 1:integer
[      Assignation      ]: i := $t09:integer
• 19: End of statement
>> i := i + 1

[       Iteration       ]: $t07 := $t07 ADDI 1 (Iteration Counter Increment)
[       Iteration       ]: IF $t07 LTI $t06 GOTO 15 (Iteration Conditional Jump)
• 20: End of statement
>> done

[       Retrieved       ]: fact:integer (Unassigned)
• 22: End of statement
>> fact

• 46: END OF FILE

